This file contains any messages produced by compilers while
running configure, to aid debugging if configure makes a mistake.

It was created by scrypt configure 1.2.0, which was
generated by GNU Autoconf 2.69.  Invocation command line was

  $ ./configure --no-create --no-recursion

n/arch -k       = unknown
/usr/convex/getsysinfo = unknown
/usr/bin/hostinfo      = unknown
/bin/machine           = unknown
/usr/bin/oslevel       = unknown
/bin/universe          = unknown

PATH: /home/spirosbax/workspace/Ethereum/voting/node_modules/scrypt/node_modules/.bin
PATH: /home/spirosbax/.config/yarn/link/node_modules/.bin
PATH: /home/spirosbax/workspace/Ethereum/voting/node_modules/scrypt/node_modules/.bin
PATH: /home/spirosbax/.config/yarn/link/node_modules/.bin
PATH: /usr/libexec/lib/node_modules/npm/bin/node-gyp-bin
PATH: /usr/lib/node_modules/npm/bin/node-gyp-bin
PATH: /usr/bin/node_modules/npm/bin/node-gyp-bin
PATH: /home/spirosbax/.npm-global/bin
PATH: /tmp/.mount_NRorw1/usr/bin
PATH: /tmp/.mount_NRorw1/usr/sbin
PATH: /home/spirosbax/.npm-global/bin
PATH: /usr/local/bin
PATH: /usr/bin
PATH: /bin
PATH: /usr/local/sbin
PATH: /usr/lib/jvm/default/bin
PATH: /usr/bin/site_perl
PATH: /usr/bin/vendor_perl
PATH: /usr/bin/core_perl
PATH: /var/lib/snapd/snap/bin
PATH: /home/spirosbax/go
PATH: /home/spirosbax/workspace/Go/projectEuler/bin


## ----------- ##
## Core tests. ##
## ----------- ##

## --------- ##
## Platform. ##
## --------- ##

hostname = home-pc
uname -m = x86_64
uname -r = 4.14.67-1-MANJARO
uname -s = Linux
uname -v = #1 SMP PREEMPT Fri Aug 24 16:33:26 UTC 2018

/usr/bin/uname -p = unknown
/bin/uname -X     = unknown

/bin/arch              = unknown
/usr/bin/arch -k       = unknown
/usr/convex/getsysinfo = unknown
/usr/bin/hostinfo      = unknown
/bin/machine           = unknown
/usr/bin/oslevel       = unknown
/bin/universe          = unknown

PATH: /home/spirosbax/workspace/Ethereum/voting/node_modules/scrypt/node_modules/.bin
PATH: /home/spirosbax/.config/yarn/link/node_modules/.bin
PATH: /home/spirosbax/workspace/Ethereum/voting/node_modules/scrypt/node_modules/.bin
PATH: /home/spirosbax/.config/yarn/link/node_modules/.bin
PATH: /usr/libexec/lib/node_modules/npm/bin/node-gyp-bin
PATH: /usr/lib/node_modules/npm/bin/node-gyp-bin
PATH: /usr/bin/node_modules/npm/bin/node-gyp-bin
PATH: /home/spirosbax/.npm-global/bin
PATH: /tmp/.mount_NRorw1/usr/bin
PATH: /tmp/.mount_NRorw1/usr/sbin
PATH: /home/spirosbax/.npm-global/bin
PATH: /usr/local/bin
PATH: /usr/bin
PATH: /bin
PATH: /usr/local/sbin
PATH: /usr/lib/jvm/default/bin
PATH: /usr/bin/site_perl
PATH: /usr/bin/vendor_perl
PATH: /usr/bin/core_perl
PATH: /var/lib/snapd/snap/bin
PATH: /home/spirosbax/go
PATH: /home/spirosbax/workspace/Go/projectEuler/bin


## ----------- ##
## Core tests. ##
## ----------- ##

configure:2301: checking for a BSD-compatible install
configure:2301: checking for a BSD-compatible install
configure:2369: result: /usr/bin/install -c
configure:2380: checking whether build environment is sane
configure:2435: result: yes
configure:2369: result: /bin/install -c
configure:2380: checking whether build environment is sane
configure:2435: result: yes
configure:2586: checking for a thread-safe mkdir -p
configure:2625: result: /usr/bin/mkdir -p
configure:2632: checking for gawk
configure:2648: found /usr/bin/gawk
configure:2659: result: gawk
configure:2670: checking whether make sets $(MAKE)
configure:2586: checking for a thread-safe mkdir -p
configure:2625: result: /usr/bin/mkdir -p
configure:2632: checking for gawk
configure:2648: found /usr/bin/gawk
configure:2659: result: gawk
configure:2670: checking whether make sets $(MAKE)
configure:2692: result: yes
configure:2721: checking whether make supports nested variables
configure:2738: result: yes
configure:2692: result: yes
configure:2721: checking whether make supports nested variables
configure:2912: checking for gcc
configure:2928: found /usr/bin/gcc
configure:2939: result: gcc
configure:3168: checking for C compiler version
configure:3177: gcc --version >&5
configure:2738: result: yes
configure:2912: checking for gcc
configure:2928: found /usr/bin/gcc
configure:2939: result: gcc
configure:3168: checking for C compiler version
configure:3177: gcc --version >&5
gcc (GCC) 8.2.0
Copyright (C) 2018 Free Software Foundation, Inc.
This is free software; see the source for copying conditions.  There is NO
warranty; not even for MERCHANTABILITY or FITNESS FOR A PARTICULAR PURPOSE.

gcc (GCC) 8.2.0
Copyright (C) 2018 Free Software Foundation, Inc.
This is free software; see the source for copying conditions.  There is NO
warranty; not even for MERCHANTABILITY or FITNESS FOR A PARTICULAR PURPOSE.

configure:3188: $? = 0
configure:3177: gcc -v >&5
configure:3188: $? = 0
configure:3177: gcc -v >&5
Using built-in specs.
COLLECT_GCC=gcc
COLLECT_LTO_WRAPPER=/usr/lib/gcc/x86_64-pc-linux-gnu/8.2.0/lto-wrapper
Target: x86_64-pc-linux-gnu
Configured with: /build/gcc/src/gcc/configure --prefix=/usr --libdir=/usr/lib --libexecdir=/usr/lib --mandir=/usr/share/man --infodir=/usr/share/info --with-bugurl=https://bugs.archlinux.org/ --enable-languages=c,c++,ada,fortran,go,lto,objc,obj-c++ --enable-shared --enable-threads=posix --enable-libmpx --with-system-zlib --with-isl --enable-__cxa_atexit --disable-libunwind-exceptions --enable-clocale=gnu --disable-libstdcxx-pch --disable-libssp --enable-gnu-unique-object --enable-linker-build-id --enable-lto --enable-plugin --enable-install-libiberty --with-linker-hash-style=gnu --enable-gnu-indirect-function --enable-multilib --disable-werror --enable-checking=release --enable-default-pie --enable-default-ssp --enable-cet=auto
Thread model: posix
gcc version 8.2.0 (GCC) 
configure:3188: $? = 0
configure:3177: gcc -V >&5
gcc: error: unrecognized command line option '-V'
gcc: fatal error: no input files
compilation terminated.
configure:3188: $? = 1
configure:3177: gcc -qversion >&5
gcc: error: unrecognized command line option '-qversion'; did you mean '--version'?
gcc: fatal error: no input files
compilation terminated.
configure:3188: $? = 1
configure:3208: checking whether the C compiler works
configure:3230: gcc    conftest.c  >&5
configure:3188: $? = 0
configure:3177: gcc -V >&5
gcc: error: unrecognized command line option '-V'
gcc: fatal error: no input files
compilation terminated.
configure:3188: $? = 1
configure:3177: gcc -qversion >&5
gcc: error: unrecognized command line option '-qversion'; did you mean '--version'?
gcc: fatal error: no input files
compilation terminated.
configure:3188: $? = 1
configure:3208: checking whether the C compiler works
configure:3230: gcc    conftest.c  >&5
configure:3234: $? = 0
configure:3234: $? = 0
configure:3282: result: yes
configure:3285: checking for C compiler default output file name
configure:3287: result: a.out
configure:3282: result: yes
configure:3285: checking for C compiler default output file name
configure:3287: result: a.out
configure:3293: checking for suffix of executables
configure:3300: gcc -o conftest    conftest.c  >&5
configure:3293: checking for suffix of executables
configure:3300: gcc -o conftest    conftest.c  >&5
configure:3304: $? = 0
configure:3326: result: 
configure:3348: checking whether we are cross compiling
configure:3356: gcc -o conftest    conftest.c  >&5
configure:3304: $? = 0
configure:3326: result: 
configure:3348: checking whether we are cross compiling
configure:3356: gcc -o conftest    conftest.c  >&5
configure:3360: $? = 0
configure:3367: ./conftest
configure:3360: $? = 0
configure:3367: ./conftest
configure:3371: $? = 0
configure:3386: result: no
configure:3371: $? = 0
configure:3386: result: no
configure:3391: checking for suffix of object files
configure:3413: gcc -c   conftest.c >&5
configure:3417: $? = 0
configure:3438: result: o
configure:3442: checking whether we are using the GNU C compiler
configure:3461: gcc -c   conftest.c >&5
configure:3461: $? = 0
configure:3470: result: yes
configure:3479: checking whether gcc accepts -g
configure:3499: gcc -c -g  conftest.c >&5
configure:3499: $? = 0
configure:3540: result: yes
configure:3557: checking for gcc option to accept ISO C89
configure:3620: gcc  -c -g -O2  conftest.c >&5
configure:3391: checking for suffix of object files
configure:3413: gcc -c   conftest.c >&5
configure:3620: $? = 0
configure:3417: $? = 0
configure:3438: result: o
configure:3442: checking whether we are using the GNU C compiler
configure:3461: gcc -c   conftest.c >&5
configure:3461: $? = 0
configure:3470: result: yes
configure:3479: checking whether gcc accepts -g
configure:3499: gcc -c -g  conftest.c >&5
configure:3499: $? = 0
configure:3540: result: yes
configure:3557: checking for gcc option to accept ISO C89
configure:3633: result: none needed
configure:3658: checking whether gcc understands -c and -o together
configure:3620: gcc  -c -g -O2  conftest.c >&5
configure:3680: gcc -c conftest.c -o conftest2.o
configure:3620: $? = 0
configure:3633: result: none needed
configure:3658: checking whether gcc understands -c and -o together
configure:3680: gcc -c conftest.c -o conftest2.o
configure:3683: $? = 0
configure:3680: gcc -c conftest.c -o conftest2.o
configure:3683: $? = 0
configure:3680: gcc -c conftest.c -o conftest2.o
configure:3683: $? = 0
configure:3695: result: yes
cc1: fatal error: conftest.c: No such file or directory
compilation terminated.
configure:3683: $? = 1
configure:3723: checking for style of include used by make
configure:3695: result: no
configure:3723: checking for style of include used by make
configure:3751: result: GNU
configure:3777: checking dependency style of gcc
configure:3751: result: GNU
configure:3777: checking dependency style of /home/spirosbax/workspace/Ethereum/voting/node_modules/scrypt/scrypt/scrypt-1.2.0/config.aux/compile gcc
configure:3888: result: gcc3
configure:3888: result: gcc3
configure:3946: checking for ranlib
configure:3946: checking for ranlib
configure:3962: found /usr/bin/ranlib
configure:3962: found /usr/bin/ranlib
configure:3973: result: ranlib
configure:3973: result: ranlib
configure:3998: checking whether to enable maintainer-specific portions of Makefiles
configure:3998: checking whether to enable maintainer-specific portions of Makefiles
configure:4007: result: no
configure:4007: result: no
configure:4023: checking for clock_gettime in -lrt
configure:4023: checking for clock_gettime in -lrt
configure:4048: gcc -o conftest -g -O2   conftest.c -lrt   >&5
configure:4048: /home/spirosbax/workspace/Ethereum/voting/node_modules/scrypt/scrypt/scrypt-1.2.0/config.aux/compile gcc -o conftest -g -O2   conftest.c -lrt   >&5
configure:4048: $? = 0
configure:4048: $? = 0
configure:4057: result: yes
configure:4057: result: yes
configure:4070: checking for clock_gettime
configure:4070: checking for clock_gettime
configure:4070: /home/spirosbax/workspace/Ethereum/voting/node_modules/scrypt/scrypt/scrypt-1.2.0/config.aux/compile gcc -o conftest -g -O2   conftest.c -lrt  >&5
configure:4070: gcc -o conftest -g -O2   conftest.c -lrt  >&5
configure:4070: $? = 0
configure:4070: $? = 0
configure:4070: result: yes
configure:4088: checking how to run the C preprocessor
configure:4070: result: yes
configure:4119: gcc -E  conftest.c
configure:4088: checking how to run the C preprocessor
configure:4119: /home/spirosbax/workspace/Ethereum/voting/node_modules/scrypt/scrypt/scrypt-1.2.0/config.aux/compile gcc -E  conftest.c
configure:4119: $? = 0
configure:4133: gcc -E  conftest.c
configure:4119: $? = 0
configure:4133: /home/spirosbax/workspace/Ethereum/voting/node_modules/scrypt/scrypt/scrypt-1.2.0/config.aux/compile gcc -E  conftest.c
configure:4133: $? = 1
configure: failed program was:
| /* confdefs.h */
| #define PACKAGE_NAME "scrypt"
| #define PACKAGE_TARNAME "scrypt"
| #define PACKAGE_VERSION "1.2.0"
| #define PACKAGE_STRING "scrypt 1.2.0"
| #define PACKAGE_BUGREPORT ""
| #define PACKAGE_URL ""
| #define PACKAGE "scrypt"
| #define VERSION "1.2.0"
| #define PACKAGE "scrypt"
| #define VERSION "1.2.0"
| #define HAVE_LIBRT 1
| #define HAVE_LIBRT 1
| #define HAVE_CLOCK_GETTIME 1
| #define HAVE_CLOCK_GETTIME 1
| /* end confdefs.h.  */
| #include <ac_nonexistent.h>
configure:4158: result: gcc -E
configure:4178: gcc -E  conftest.c
configure:4133: $? = 0
configure:4119: /home/spirosbax/workspace/Ethereum/voting/node_modules/scrypt/scrypt/scrypt-1.2.0/config.aux/compile gcc -E  conftest.c
configure:4178: $? = 0
configure:4119: $? = 1
configure: failed program was:
configure:4192: gcc -E  conftest.c
| /* confdefs.h */
| #define PACKAGE_NAME "scrypt"
| #define PACKAGE_TARNAME "scrypt"
| #define PACKAGE_VERSION "1.2.0"
| #define PACKAGE_STRING "scrypt 1.2.0"
| #define PACKAGE_BUGREPORT ""
| #define PACKAGE_URL ""
| #define PACKAGE "scrypt"
| #define VERSION "1.2.0"
| #define PACKAGE "scrypt"
| #define VERSION "1.2.0"
| #define HAVE_LIBRT 1
| #define HAVE_LIBRT 1
| #define HAVE_CLOCK_GETTIME 1
| #define HAVE_CLOCK_GETTIME 1
| /* end confdefs.h.  */
| #include <ac_nonexistent.h>
configure:4119: /home/spirosbax/workspace/Ethereum/voting/node_modules/scrypt/scrypt/scrypt-1.2.0/config.aux/compile gcc -E -traditional-cpp  conftest.c
configure:4192: $? = 0
configure:4178: gcc -E  conftest.c
In file included from /usr/include/features.h:429,
                 from /usr/include/assert.h:36,
                 from conftest.c:21:
/usr/include/sys/cdefs.h:30:3: error: #error "You need a ISO C conforming compiler to use the glibc headers"
 # error "You need a ISO C conforming compiler to use the glibc headers"
   ^~~~~
In file included from /usr/include/features.h:429,
                 from /usr/include/assert.h:36,
                 from conftest.c:21:
/usr/include/sys/cdefs.h:30:3: error: #error "You need a ISO C conforming compiler to use the glibc headers"
 # error "You need a ISO C conforming compiler to use the glibc headers"
   ^~~~~
configure:4178: $? = 0
configure: failed program was:
configure:4119: $? = 1
configure: failed program was:
| /* confdefs.h */
| #define PACKAGE_NAME "scrypt"
| #define PACKAGE_TARNAME "scrypt"
| #define PACKAGE_VERSION "1.2.0"
| #define PACKAGE_STRING "scrypt 1.2.0"
| #define PACKAGE_BUGREPORT ""
| #define PACKAGE_URL ""
| #define PACKAGE "scrypt"
| #define VERSION "1.2.0"
| #define PACKAGE "scrypt"
| #define VERSION "1.2.0"
| #define HAVE_LIBRT 1
| #define HAVE_LIBRT 1
| #define HAVE_CLOCK_GETTIME 1
| #define HAVE_CLOCK_GETTIME 1
| /* end confdefs.h.  */
| #ifdef __STDC__
| # include <limits.h>
| #else
| # include <assert.h>
| #endif
| 		     Syntax error
| /* confdefs.h */
| #define PACKAGE_NAME "scrypt"
| #define PACKAGE_TARNAME "scrypt"
| #define PACKAGE_VERSION "1.2.0"
| #define PACKAGE_STRING "scrypt 1.2.0"
| #define PACKAGE_BUGREPORT ""
| #define PACKAGE_URL ""
| #define PACKAGE "scrypt"
| #define VERSION "1.2.0"
| #define PACKAGE "scrypt"
| #define VERSION "1.2.0"
| #define HAVE_LIBRT 1
| #define HAVE_LIBRT 1
| #define HAVE_CLOCK_GETTIME 1
| #define HAVE_CLOCK_GETTIME 1
| /* end confdefs.h.  */
| #ifdef __STDC__
| # include <limits.h>
| #else
| # include <assert.h>
| #endif
| 		     Syntax error
configure:4208: error: in `/home/spirosbax/workspace/Ethereum/voting/node_modules/scrypt/scrypt/scrypt-1.2.0':
configure:4210: error: C preprocessor "gcc -E" fails sanity check
See `config.log' for more details

## ---------------- ##
## Cache variables. ##
## ---------------- ##

configure:4119: /home/spirosbax/workspace/Ethereum/voting/node_modules/scrypt/scrypt/scrypt-1.2.0/config.aux/compile gcc -E -traditional-cpp  conftest.c
In file included from /usr/include/features.h:429,
                 from /usr/include/assert.h:36,
                 from conftest.c:21:
/usr/include/sys/cdefs.h:30:3: error: #error "You need a ISO C conforming compiler to use the glibc headers"
 # error "You need a ISO C conforming compiler to use the glibc headers"
   ^~~~~
configure:4119: $? = 1
configure: failed program was:
| /* confdefs.h */
| #define PACKAGE_NAME "scrypt"
| #define PACKAGE_TARNAME "scrypt"
| #define PACKAGE_VERSION "1.2.0"
| #define PACKAGE_STRING "scrypt 1.2.0"
| #define PACKAGE_BUGREPORT ""
| #define PACKAGE_URL ""
| #define PACKAGE "scrypt"
| #define VERSION "1.2.0"
| #define PACKAGE "scrypt"
| #define VERSION "1.2.0"
| #define HAVE_LIBRT 1
| #define HAVE_LIBRT 1
| #define HAVE_CLOCK_GETTIME 1
| #define HAVE_CLOCK_GETTIME 1
| /* end confdefs.h.  */
| #ifdef __STDC__
| # include <limits.h>
| #else
| # include <assert.h>
| #endif
| 		     Syntax error
ac_cv_c_compiler_gnu=yes
ac_cv_env_CC_set=
ac_cv_env_CC_value=
ac_cv_env_CFLAGS_set=
ac_cv_env_CFLAGS_value=
ac_cv_env_CPPFLAGS_set=
ac_cv_env_CPPFLAGS_value=
ac_cv_env_CPP_set=
ac_cv_env_CPP_value=
ac_cv_env_LDFLAGS_set=
ac_cv_env_LDFLAGS_value=
ac_cv_env_LIBS_set=
ac_cv_env_LIBS_value=
ac_cv_env_build_alias_set=
ac_cv_env_build_alias_value=
ac_cv_env_host_alias_set=
ac_cv_env_host_alias_value=
ac_cv_env_target_alias_set=
ac_cv_env_target_alias_value=
ac_cv_func_clock_gettime=yes
ac_cv_lib_rt_clock_gettime=yes
ac_cv_objext=o
ac_cv_path_install='/bin/install -c'
ac_cv_path_mkdir=/usr/bin/mkdir
ac_cv_prog_AWK=gawk
ac_cv_prog_CPP='gcc -E'
ac_cv_prog_ac_ct_CC=gcc
ac_cv_prog_ac_ct_RANLIB=ranlib
ac_cv_prog_cc_c89=
ac_cv_prog_cc_g=yes
ac_cv_prog_make_make_set=yes
am_cv_CC_dependencies_compiler_type=gcc3
am_cv_make_support_nested_variables=yes
am_cv_prog_cc_c_o=yes

## ----------------- ##
## Output variables. ##
## ----------------- ##

ACLOCAL='${SHELL} /home/spirosbax/workspace/Ethereum/voting/node_modules/scrypt/scrypt/scrypt-1.2.0/config.aux/missing aclocal-1.15'
AMDEPBACKSLASH='\'
AMDEP_FALSE='#'
AMDEP_TRUE=''
AMTAR='$${TAR-tar}'
AM_BACKSLASH='\'
AM_DEFAULT_V='$(AM_DEFAULT_VERBOSITY)'
AM_DEFAULT_VERBOSITY='1'
AM_V='$(V)'
AUTOCONF='${SHELL} /home/spirosbax/workspace/Ethereum/voting/node_modules/scrypt/scrypt/scrypt-1.2.0/config.aux/missing autoconf'
AUTOHEADER='${SHELL} /home/spirosbax/workspace/Ethereum/voting/node_modules/scrypt/scrypt/scrypt-1.2.0/config.aux/missing autoheader'
AUTOMAKE='${SHELL} /home/spirosbax/workspace/Ethereum/voting/node_modules/scrypt/scrypt/scrypt-1.2.0/config.aux/missing automake-1.15'
AWK='gawk'
CC='gcc'
CCDEPMODE='depmode=gcc3'
CFLAGS='-g -O2'
CPP='gcc -E'
CPPFLAGS=''
CYGPATH_W='echo'
DEFS=''
DEPDIR='.deps'
ECHO_C=''
ECHO_N='-n'
ECHO_T=''
EGREP=''
EXEEXT=''
GREP=''
INSTALL_DATA='${INSTALL} -m 644'
INSTALL_PROGRAM='${INSTALL}'
INSTALL_SCRIPT='${INSTALL}'
INSTALL_STRIP_PROGRAM='$(install_sh) -c -s'
LDFLAGS=''
LIBOBJS=''
LIBS='-lrt '
LTLIBOBJS=''
MAINT='#'
MAINTAINER_MODE_FALSE=''
MAINTAINER_MODE_TRUE='#'
MAKEINFO='${SHELL} /home/spirosbax/workspace/Ethereum/voting/node_modules/scrypt/scrypt/scrypt-1.2.0/config.aux/missing makeinfo'
MKDIR_P='/usr/bin/mkdir -p'
OBJEXT='o'
PACKAGE='scrypt'
PACKAGE_BUGREPORT=''
PACKAGE_NAME='scrypt'
PACKAGE_STRING='scrypt 1.2.0'
PACKAGE_TARNAME='scrypt'
PACKAGE_URL=''
PACKAGE_VERSION='1.2.0'
PATH_SEPARATOR=':'
RANLIB='ranlib'
SET_MAKE=''
SHELL='/bin/sh'
STRIP=''
VERSION='1.2.0'
ac_ct_CC='gcc'
am__EXEEXT_FALSE=''
am__EXEEXT_TRUE=''
am__fastdepCC_FALSE='#'
am__fastdepCC_TRUE=''
am__include='include'
am__isrc=''
am__leading_dot='.'
am__nodep='_no'
am__quote=''
am__tar='$${TAR-tar} chof - "$$tardir"'
am__untar='$${TAR-tar} xf -'
bindir='${exec_prefix}/bin'
build_alias=''
datadir='${datarootdir}'
datarootdir='${prefix}/share'
docdir='${datarootdir}/doc/${PACKAGE_TARNAME}'
dvidir='${docdir}'
exec_prefix='NONE'
host_alias=''
htmldir='${docdir}'
includedir='${prefix}/include'
infodir='${datarootdir}/info'
install_sh='${SHELL} /home/spirosbax/workspace/Ethereum/voting/node_modules/scrypt/scrypt/scrypt-1.2.0/config.aux/install-sh'
libdir='${exec_prefix}/lib'
libexecdir='${exec_prefix}/libexec'
localedir='${datarootdir}/locale'
localstatedir='${prefix}/var'
mandir='${datarootdir}/man'
mkdir_p='$(MKDIR_P)'
oldincludedir='/usr/include'
pdfdir='${docdir}'
prefix='NONE'
program_transform_name='s,x,x,'
psdir='${docdir}'
sbindir='${exec_prefix}/sbin'
sharedstatedir='${prefix}/com'
sysconfdir='${prefix}/etc'
target_alias=''

## ----------- ##
## confdefs.h. ##
## ----------- ##

configure:4119: /lib/cpp  conftest.c
/* confdefs.h */
#define PACKAGE_NAME "scrypt"
#define PACKAGE_TARNAME "scrypt"
#define PACKAGE_VERSION "1.2.0"
#define PACKAGE_STRING "scrypt 1.2.0"
#define PACKAGE_BUGREPORT ""
#define PACKAGE_URL ""
#define PACKAGE "scrypt"
#define VERSION "1.2.0"
#define PACKAGE "scrypt"
#define VERSION "1.2.0"
#define HAVE_LIBRT 1
#define HAVE_LIBRT 1
#define HAVE_CLOCK_GETTIME 1
#define HAVE_CLOCK_GETTIME 1

configure: exit 1
./configure: line 1610: /lib/cpp: No such file or directory
configure:4119: $? = 127
configure: failed program was:
configure:4119: /lib/cpp  conftest.c
./configure: line 1610: /lib/cpp: No such file or directory
configure:4119: $? = 127
configure: failed program was:
| /* end confdefs.h.  */
| #ifdef __STDC__
| # include <limits.h>
| #else
| # include <assert.h>
| #endif
| 		     Syntax error
configure:4158: result: /lib/cpp
configure:4178: /lib/cpp  conftest.c
./configure: line 1610: /lib/cpp: No such file or directory
configure:4178: $? = 127
configure: failed program was:
| /* end confdefs.h.  */
| #ifdef __STDC__
| # include <limits.h>
| #else
| # include <assert.h>
| #endif
| 		     Syntax error
configure:4178: /lib/cpp  conftest.c
./configure: line 1610: /lib/cpp: No such file or directory
configure:4178: $? = 127
configure: failed program was:
| /* end confdefs.h.  */
| #ifdef __STDC__
| # include <limits.h>
| #else
| # include <assert.h>
| #endif
| 		     Syntax error
configure:4208: error: in `/home/spirosbax/workspace/Ethereum/voting/node_modules/scrypt/scrypt/scrypt-1.2.0':
configure:4210: error: C preprocessor "/lib/cpp" fails sanity check
See `config.log' for more details

## ---------------- ##
## Cache variables. ##
## ---------------- ##

ac_cv_c_compiler_gnu=yes
ac_cv_env_CC_set=
ac_cv_env_CC_value=
ac_cv_env_CFLAGS_set=
ac_cv_env_CFLAGS_value=
ac_cv_env_CPPFLAGS_set=
ac_cv_env_CPPFLAGS_value=
ac_cv_env_CPP_set=
ac_cv_env_CPP_value=
ac_cv_env_LDFLAGS_set=
ac_cv_env_LDFLAGS_value=
ac_cv_env_LIBS_set=
ac_cv_env_LIBS_value=
ac_cv_env_build_alias_set=
ac_cv_env_build_alias_value=
ac_cv_env_host_alias_set=
ac_cv_env_host_alias_value=
ac_cv_env_target_alias_set=
ac_cv_env_target_alias_value=
ac_cv_func_clock_gettime=yes
ac_cv_lib_rt_clock_gettime=yes
ac_cv_objext=o
ac_cv_path_install='/usr/bin/install -c'
ac_cv_path_mkdir=/usr/bin/mkdir
ac_cv_prog_AWK=gawk
ac_cv_prog_CPP=/lib/cpp
ac_cv_prog_ac_ct_CC=gcc
ac_cv_prog_ac_ct_RANLIB=ranlib
ac_cv_prog_cc_c89=
ac_cv_prog_cc_g=yes
ac_cv_prog_make_make_set=yes
am_cv_CC_dependencies_compiler_type=gcc3
am_cv_make_support_nested_variables=yes
am_cv_prog_cc_c_o=no

## ----------------- ##
## Output variables. ##
## ----------------- ##

ACLOCAL='${SHELL} /home/spirosbax/workspace/Ethereum/voting/node_modules/scrypt/scrypt/scrypt-1.2.0/config.aux/missing aclocal-1.15'
AMDEPBACKSLASH='\'
AMDEP_FALSE='#'
AMDEP_TRUE=''
AMTAR='$${TAR-tar}'
AM_BACKSLASH='\'
AM_DEFAULT_V='$(AM_DEFAULT_VERBOSITY)'
AM_DEFAULT_VERBOSITY='1'
AM_V='$(V)'
AUTOCONF='${SHELL} /home/spirosbax/workspace/Ethereum/voting/node_modules/scrypt/scrypt/scrypt-1.2.0/config.aux/missing autoconf'
AUTOHEADER='${SHELL} /home/spirosbax/workspace/Ethereum/voting/node_modules/scrypt/scrypt/scrypt-1.2.0/config.aux/missing autoheader'
AUTOMAKE='${SHELL} /home/spirosbax/workspace/Ethereum/voting/node_modules/scrypt/scrypt/scrypt-1.2.0/config.aux/missing automake-1.15'
AWK='gawk'
CC='/home/spirosbax/workspace/Ethereum/voting/node_modules/scrypt/scrypt/scrypt-1.2.0/config.aux/compile gcc'
CCDEPMODE='depmode=gcc3'
CFLAGS='-g -O2'
CPP='/lib/cpp'
CPPFLAGS=''
CYGPATH_W='echo'
DEFS=''
DEPDIR='.deps'
ECHO_C=''
ECHO_N='-n'
ECHO_T=''
EGREP=''
EXEEXT=''
GREP=''
INSTALL_DATA='${INSTALL} -m 644'
INSTALL_PROGRAM='${INSTALL}'
INSTALL_SCRIPT='${INSTALL}'
INSTALL_STRIP_PROGRAM='$(install_sh) -c -s'
LDFLAGS=''
LIBOBJS=''
LIBS='-lrt '
LTLIBOBJS=''
MAINT='#'
MAINTAINER_MODE_FALSE=''
MAINTAINER_MODE_TRUE='#'
MAKEINFO='${SHELL} /home/spirosbax/workspace/Ethereum/voting/node_modules/scrypt/scrypt/scrypt-1.2.0/config.aux/missing makeinfo'
MKDIR_P='/usr/bin/mkdir -p'
OBJEXT='o'
PACKAGE='scrypt'
PACKAGE_BUGREPORT=''
PACKAGE_NAME='scrypt'
PACKAGE_STRING='scrypt 1.2.0'
PACKAGE_TARNAME='scrypt'
PACKAGE_URL=''
PACKAGE_VERSION='1.2.0'
PATH_SEPARATOR=':'
RANLIB='ranlib'
SET_MAKE=''
SHELL='/bin/sh'
STRIP=''
VERSION='1.2.0'
ac_ct_CC='gcc'
am__EXEEXT_FALSE=''
am__EXEEXT_TRUE=''
am__fastdepCC_FALSE='#'
am__fastdepCC_TRUE=''
am__include='include'
am__isrc=''
am__leading_dot='.'
am__nodep='_no'
am__quote=''
am__tar='$${TAR-tar} chof - "$$tardir"'
am__untar='$${TAR-tar} xf -'
bindir='${exec_prefix}/bin'
build_alias=''
datadir='${datarootdir}'
datarootdir='${prefix}/share'
docdir='${datarootdir}/doc/${PACKAGE_TARNAME}'
dvidir='${docdir}'
exec_prefix='NONE'
host_alias=''
htmldir='${docdir}'
includedir='${prefix}/include'
infodir='${datarootdir}/info'
install_sh='${SHELL} /home/spirosbax/workspace/Ethereum/voting/node_modules/scrypt/scrypt/scrypt-1.2.0/config.aux/install-sh'
libdir='${exec_prefix}/lib'
libexecdir='${exec_prefix}/libexec'
localedir='${datarootdir}/locale'
localstatedir='${prefix}/var'
mandir='${datarootdir}/man'
mkdir_p='$(MKDIR_P)'
oldincludedir='/usr/include'
pdfdir='${docdir}'
prefix='NONE'
program_transform_name='s,x,x,'
psdir='${docdir}'
sbindir='${exec_prefix}/sbin'
sharedstatedir='${prefix}/com'
sysconfdir='${prefix}/etc'
target_alias=''

configure: exit 1
